<?xml version="1.0" encoding="UTF-8"?>
<!-- Generated by org.testng.reporters.JUnitXMLReporter -->
<testsuite hostname="LAPTOP-HHVVK8NV" name="Default test" tests="4" failures="0" timestamp="10 Jan 2019 10:31:22 GMT" time="5.484" errors="0">
  <testcase name="login" time="0.723" classname="hanjia.demo4"/>
  <testcase name="lei" time="0.716" classname="hanjia.demo4"/>
  <testcase name="dingdan" time="0.454" classname="hanjia.demo4"/>
  <testcase name="gonggao" time="0.562" classname="hanjia.demo4"/>
</testsuite> <!-- Default test -->
